<?xml version="1.0" encoding="UTF-8"?>
<!-- Generated by org.testng.reporters.JUnitReportReporter -->
<testsuite hostname="Angelinos-MacBook-Pro.local" name="TDWebTest.TimelogComparison.CompareDailyReportsOfAllUsersOnDifferentTimezone" tests="2" failures="0" timestamp="7 Dec 2018 09:12:31 GMT" time="113.728" errors="0">
  <testcase name="CompareWorkLogByDay" time="97.164" classname="TDWebTest.TimelogComparison.CompareDailyReportsOfAllUsersOnDifferentTimezone"/>
  <testcase name="Login" time="16.564" classname="TDWebTest.TimelogComparison.CompareDailyReportsOfAllUsersOnDifferentTimezone"/>
</testsuite> <!-- TDWebTest.TimelogComparison.CompareDailyReportsOfAllUsersOnDifferentTimezone -->
