<?xml version="1.0" encoding="UTF-8"?>
<!-- Generated by org.testng.reporters.JUnitReportReporter -->
<testsuite skipped="0" hostname="Payals-MacBook-Air.local" name="EditTimeCustomerBug.CustBugTime5" tests="1" failures="0" timestamp="18 Oct 2018 02:45:17 GMT" time="15.226" errors="0">
  <testcase name="browserCalling" time="15.226" classname="EditTimeCustomerBug.CustBugTime5"/>
</testsuite> <!-- EditTimeCustomerBug.CustBugTime5 -->
