<?xml version="1.0" encoding="UTF-8"?>
<!-- Generated by org.testng.reporters.JUnitReportReporter -->
<testsuite hostname="Angelinos-MacBook-Pro.local" name="TDWebTest.TimelogComparison.CompareDailyReportsOfSingleUser" tests="2" failures="0" timestamp="10 Dec 2018 11:55:54 GMT" time="167.029" errors="0">
  <testcase name="CompareWorkLogByDay" time="103.989" classname="TDWebTest.TimelogComparison.CompareDailyReportsOfSingleUser"/>
  <testcase name="Login" time="63.040" classname="TDWebTest.TimelogComparison.CompareDailyReportsOfSingleUser"/>
</testsuite> <!-- TDWebTest.TimelogComparison.CompareDailyReportsOfSingleUser -->
