<?xml version="1.0" encoding="UTF-8"?>
<!-- Generated by org.testng.reporters.JUnitReportReporter -->
<testsuite hostname="Angelinos-MacBook-Pro.local" name="TDWebTest.TimelogComparison.CompareDailyReportsOfSingleUserOnTimezoneChange" tests="2" failures="0" timestamp="10 Dec 2018 12:56:07 GMT" time="193.989" errors="0">
  <testcase name="Login" time="12.647" classname="TDWebTest.TimelogComparison.CompareDailyReportsOfSingleUserOnTimezoneChange"/>
  <testcase name="CompareWorkLogByDay" time="181.342" classname="TDWebTest.TimelogComparison.CompareDailyReportsOfSingleUserOnTimezoneChange"/>
</testsuite> <!-- TDWebTest.TimelogComparison.CompareDailyReportsOfSingleUserOnTimezoneChange -->
