<?xml version="1.0" encoding="UTF-8"?>
<!-- Generated by org.testng.reporters.JUnitReportReporter -->
<testsuite skipped="0" hostname="Payals-MacBook-Air.local" name="TDWebTest.LoginPage.LoginTestBase" tests="1" failures="0" timestamp="09 Aug 2018 05:44:50 GMT" time="19.666" errors="0">
  <testcase name="login" time="19.666" classname="TDWebTest.LoginPage.LoginTestBase"/>
</testsuite> <!-- TDWebTest.LoginPage.LoginTestBase -->
