<?xml version="1.0" encoding="UTF-8"?>
<!-- Generated by org.testng.reporters.JUnitReportReporter -->
<testsuite skipped="0" hostname="Payals-MacBook-Air.local" name="TDWebTest.RegistrationPage.RegistrationTestmySelfTestBase" tests="4" failures="0" timestamp="16 Oct 2018 03:14:57 GMT" time="68.993" errors="0">
  <testcase name="browserCalling" time="12.335" classname="TDWebTest.RegistrationPage.RegistrationTestmySelfTestBase"/>
  <testcase name="titleVerifying" time="3.572" classname="TDWebTest.RegistrationPage.RegistrationTestmySelfTestBase"/>
  <testcase name="registrationData" time="47.933" classname="TDWebTest.RegistrationPage.RegistrationTestmySelfTestBase"/>
  <testcase name="loginData" time="5.153" classname="TDWebTest.RegistrationPage.RegistrationTestmySelfTestBase"/>
</testsuite> <!-- TDWebTest.RegistrationPage.RegistrationTestmySelfTestBase -->
