<?xml version="1.0" encoding="UTF-8"?>
<!-- Generated by org.testng.reporters.JUnitReportReporter -->
<testsuite skipped="0" hostname="Payals-MacBook-Air.local" name="EditTimeCustomerBug.CustBugTime62" tests="3" failures="0" timestamp="19 Oct 2018 02:32:09 GMT" time="27.854" errors="0">
  <testcase name="browserCalling" time="12.437" classname="EditTimeCustomerBug.CustBugTime62"/>
  <testcase name="logindetails" time="7.915" classname="EditTimeCustomerBug.CustBugTime62"/>
  <testcase name="workingslot" time="7.502" classname="EditTimeCustomerBug.CustBugTime62"/>
</testsuite> <!-- EditTimeCustomerBug.CustBugTime62 -->
