<?xml version="1.0" encoding="UTF-8"?>
<!-- Generated by org.testng.reporters.JUnitReportReporter -->
<testsuite hostname="Angelinos-MacBook-Pro.local" name="TDWebTest.TimelogComparison.CompareWeeklyReportsOfAllUsers" tests="2" failures="0" timestamp="10 Dec 2018 11:55:54 GMT" time="86.533" errors="0">
  <testcase name="Login" time="29.827" classname="TDWebTest.TimelogComparison.CompareWeeklyReportsOfAllUsers"/>
  <testcase name="CompareWorkLogByDay" time="56.706" classname="TDWebTest.TimelogComparison.CompareWeeklyReportsOfAllUsers"/>
</testsuite> <!-- TDWebTest.TimelogComparison.CompareWeeklyReportsOfAllUsers -->
