<?xml version="1.0" encoding="UTF-8"?>
<!-- Generated by org.testng.reporters.JUnitReportReporter -->
<testsuite hostname="Angelinos-MacBook-Pro.local" name="TDWebTest.TimelogComparison.CompareDailyReportsOfAllUsers" tests="2" failures="0" timestamp="10 Dec 2018 11:55:54 GMT" time="131.854" errors="0">
  <testcase name="CompareWorkLogByDay" time="120.448" classname="TDWebTest.TimelogComparison.CompareDailyReportsOfAllUsers"/>
  <testcase name="Login" time="11.406" classname="TDWebTest.TimelogComparison.CompareDailyReportsOfAllUsers"/>
</testsuite> <!-- TDWebTest.TimelogComparison.CompareDailyReportsOfAllUsers -->
